1/4/2025, 12:37:36 PM PST 0: 

----------------------------------------------
1/4/2025, 12:37:36 PM PST 1: Discord starting: {"releaseChannel":"stable","version":"0.0.78"}, modulepath: /home/zoro/.config/discord/0.0.78/modules
1/4/2025, 12:37:36 PM PST 2: ✅ webContents.created web1 ""
1/4/2025, 12:37:36 PM PST 3: ✅ window.created win1 "discord"
1/4/2025, 12:37:36 PM PST 4: ✅ webContents.did-finish-load web1
1/4/2025, 12:37:44 PM PST 5: before-quit
1/4/2025, 12:39:14 PM PST 0: 

----------------------------------------------
1/4/2025, 12:39:14 PM PST 1: Discord starting: {"releaseChannel":"stable","version":"0.0.78"}, modulepath: /home/zoro/.config/discord/0.0.78/modules
1/4/2025, 12:39:14 PM PST 2: ✅ webContents.created web1 "index.html"
1/4/2025, 12:39:14 PM PST 3: ✅ window.created win1 "discord"
1/4/2025, 12:39:14 PM PST 4: ✅ webContents.did-finish-load web1
1/4/2025, 12:39:22 PM PST 5: ✅ webContents.created web2 ""
1/4/2025, 12:39:22 PM PST 6: ✅ window.created win2 "Discord"
1/4/2025, 12:39:36 PM PST 7: ✅ webContents.did-finish-load web2
1/4/2025, 12:39:36 PM PST 8: window.close win1
1/4/2025, 12:39:36 PM PST 9: webContents.destroyed web1
1/4/2025, 12:39:36 PM PST 10: window.closed win1
1/4/2025, 1:32:22 PM PST 11: window.close win2
1/4/2025, 1:32:33 PM PST 12: before-quit
1/6/2025, 10:39:11 PM GMT+5:30 0: 

----------------------------------------------
1/6/2025, 10:39:11 PM GMT+5:30 1: Discord starting: {"releaseChannel":"stable","version":"0.0.78"}, modulepath: /home/zoro/.config/discord/0.0.78/modules
1/6/2025, 10:39:11 PM GMT+5:30 2: ✅ webContents.created web1 ""
1/6/2025, 10:39:11 PM GMT+5:30 3: ✅ window.created win1 "discord"
1/6/2025, 10:39:12 PM GMT+5:30 4: ✅ webContents.did-finish-load web1
1/6/2025, 10:39:13 PM GMT+5:30 5: ✅ webContents.created web2 ""
1/6/2025, 10:39:13 PM GMT+5:30 6: ✅ window.created win2 "Discord"
1/6/2025, 10:39:17 PM GMT+5:30 7: ✅ webContents.did-finish-load web2
1/6/2025, 10:39:18 PM GMT+5:30 8: window.close win1
1/6/2025, 10:39:18 PM GMT+5:30 9: webContents.destroyed web1
1/6/2025, 10:39:18 PM GMT+5:30 10: window.closed win1
1/6/2025, 11:04:14 PM GMT+5:30 11: window.close win2
1/6/2025, 11:17:43 PM GMT+5:30 0: 

----------------------------------------------
1/6/2025, 11:17:43 PM GMT+5:30 1: Discord starting: {"releaseChannel":"stable","version":"0.0.78"}, modulepath: /home/zoro/.config/discord/0.0.78/modules
7/15/2025, 10:31:37 AM GMT+5:30 0: 

----------------------------------------------
7/15/2025, 10:31:37 AM GMT+5:30 1: Discord starting: {"releaseChannel":"stable","version":"0.0.78"}, modulepath: /home/zoro/.config/discord/0.0.78/modules
7/15/2025, 10:31:37 AM GMT+5:30 2: ✅ webContents.created web1 ""
7/15/2025, 10:31:37 AM GMT+5:30 3: ✅ window.created win1 "discord"
7/15/2025, 10:31:37 AM GMT+5:30 0: 

----------------------------------------------
7/15/2025, 10:31:37 AM GMT+5:30 1: Discord starting: {"releaseChannel":"stable","version":"0.0.78"}, modulepath: /home/zoro/.config/discord/0.0.78/modules
7/15/2025, 10:31:38 AM GMT+5:30 4: ✅ webContents.did-finish-load web1
7/15/2025, 10:31:43 AM GMT+5:30 5: before-quit
7/15/2025, 10:31:43 AM GMT+5:30 6: window.close win1
7/15/2025, 10:32:10 AM GMT+5:30 0: 

----------------------------------------------
7/15/2025, 10:32:10 AM GMT+5:30 1: Discord starting: {"releaseChannel":"stable","version":"0.0.78"}, modulepath: /home/zoro/.config/discord/0.0.78/modules
7/15/2025, 10:32:10 AM GMT+5:30 2: ✅ webContents.created web1 ""
7/15/2025, 10:32:10 AM GMT+5:30 3: ✅ window.created win1 "discord"
7/15/2025, 10:32:11 AM GMT+5:30 4: ✅ webContents.did-finish-load web1
7/15/2025, 10:32:13 AM GMT+5:30 5: before-quit
7/15/2025, 10:32:13 AM GMT+5:30 6: window.close win1
